<?xml version="1.0" encoding="utf-8"?><testsuites name="pytest tests"><testsuite name="pytest" errors="0" failures="0" skipped="0" tests="21" time="1.421" timestamp="2026-06-23T10:07:57.854186+00:00" hostname="agent-env-6422e03c-c15f-4675-8909-905ac5a8a3c4"><testcase classname="backend.tests.test_forgetrack.TestAuth" name="test_trainer_login_success" time="0.234" /><testcase classname="backend.tests.test_forgetrack.TestAuth" name="test_trainer_login_wrong_code" time="0.046" /><testcase classname="backend.tests.test_forgetrack.TestAuth" name="test_client_login_invalid_code" time="0.049" /><testcase classname="backend.tests.test_forgetrack.TestClients" name="test_create_client" time="0.044" /><testcase classname="backend.tests.test_forgetrack.TestClients" name="test_list_clients" time="0.046" /><testcase classname="backend.tests.test_forgetrack.TestClients" name="test_get_one_client" time="0.046" /><testcase classname="backend.tests.test_forgetrack.TestClients" name="test_client_login_with_generated_code" time="0.045" /><testcase classname="backend.tests.test_forgetrack.TestClients" name="test_get_client_not_found" time="0.042" /><testcase classname="backend.tests.test_forgetrack.TestExercises" name="test_create_exercise" time="0.043" /><testcase classname="backend.tests.test_forgetrack.TestExercises" name="test_list_exercises" time="0.060" /><testcase classname="backend.tests.test_forgetrack.TestExercises" name="test_update_exercise" time="0.085" /><testcase classname="backend.tests.test_forgetrack.TestPrograms" name="test_empty_program_for_new_client" time="0.045" /><testcase classname="backend.tests.test_forgetrack.TestPrograms" name="test_upsert_program_create" time="0.052" /><testcase classname="backend.tests.test_forgetrack.TestPrograms" name="test_upsert_program_update" time="0.092" /><testcase classname="backend.tests.test_forgetrack.TestLogs" name="test_create_log" time="0.059" /><testcase classname="backend.tests.test_forgetrack.TestLogs" name="test_get_logs" time="0.045" /><testcase classname="backend.tests.test_forgetrack.TestLogs" name="test_logs_filter_by_exercise" time="0.044" /><testcase classname="backend.tests.test_forgetrack.TestLogs" name="test_logs_filter_by_week" time="0.044" /><testcase classname="backend.tests.test_forgetrack.TestLogs" name="test_logs_filter_by_week_no_match" time="0.043" /><testcase classname="backend.tests.test_forgetrack.TestCleanup" name="test_delete_exercise" time="0.042" /><testcase classname="backend.tests.test_forgetrack.TestCleanup" name="test_delete_client_cascades" time="0.126" /></testsuite></testsuites>